runtime error: slice bounds out of range [:8] with length 6
goroutine 1 [running, locked to thread]:
github.com/yuin/gopher-lua.(*LState).PCall.func1()
	github.com/yuin/gopher-lua@v0.0.0-20220504180219-658193537a64/state.go:1988 +0x1f1
panic({0x1152640?, 0xc004458738?})
	runtime/panic.go:792 +0x132
main.(*Select).addChar(0x10c5790, {0xc000c7b690, 0x6})
	github.com/ikemen-engine/Ikemen-GO/src/system.go:2452 +0x1ce5
main.systemScriptInit.func1(0xc00029a2c0?)
	github.com/ikemen-engine/Ikemen-GO/src/script.go:63 +0x97
github.com/yuin/gopher-lua.callGFunction(0xc00007c210, 0x0)
	github.com/yuin/gopher-lua@v0.0.0-20220504180219-658193537a64/vm.go:202 +0x31
github.com/yuin/gopher-lua.init.3.func26(0xc00007c210, 0x90200400?, 0xc000159508?)
	github.com/yuin/gopher-lua@v0.0.0-20220504180219-658193537a64/vm.go:821 +0x365
github.com/yuin/gopher-lua.mainLoop(0xc00007c210, 0xc000159508)
	github.com/yuin/gopher-lua@v0.0.0-20220504180219-658193537a64/vm.go:31 +0xe2
github.com/yuin/gopher-lua.(*LState).callR(0xc00007c210, 0x0, 0xffffffffffffffff, 0xc000048440?)
	github.com/yuin/gopher-lua@v0.0.0-20220504180219-658193537a64/state.go:1211 +0x1bc
github.com/yuin/gopher-lua.(*LState).Call(...)
	github.com/yuin/gopher-lua@v0.0.0-20220504180219-658193537a64/state.go:1967
github.com/yuin/gopher-lua.(*LState).PCall(0xc00007c210, 0x0, 0xffffffffffffffff, 0x0)
	github.com/yuin/gopher-lua@v0.0.0-20220504180219-658193537a64/state.go:2030 +0x105
github.com/yuin/gopher-lua.(*LState).DoFile(0xc00007c210, {0xc000017470?, 0x0?})
	github.com/yuin/gopher-lua@v0.0.0-20220504180219-658193537a64/auxlib.go:396 +0x65
main.main()
	github.com/ikemen-engine/Ikemen-GO/src/main.go:90 +0x206

stack traceback:
	[G]: in function 'addChar'
	external/script/main.lua:1794: in function 'f_addChar'
	external/script/main.lua:2053: in main chunk
	[G]: ?
